  Using bundled DotNet SDK
  Log file: C:\Users\itsca\AppData\Local\UnrealBuildTool\Log.txt
  Using 'git status' to determine working set for adaptive non-unity build (C:\Users\itsca\Documents\Unreal Projects\Lab04).
  Building TopDownShmupEditor...
  Using Visual Studio 2022 14.35.32215 toolchain (C:\Program Files\Microsoft Visual Studio\2022\Community\VC\Tools\MSVC\14.35.32215) and Windows 10.0.22621.0 SDK (C:\Program Files (x86)\Windows Kits\10).
  [Upgrade]
  [Upgrade] Using backward-compatible build settings. The latest version of UE sets the following values by default, which may require code changes:
  [Upgrade]     bLegacyPublicIncludePaths = false                 => Omits subfolders from public include paths to reduce compiler command line length. (Previously: true).
  [Upgrade]     ShadowVariableWarningLevel = WarningLevel.Error   => Treats shadowed variable warnings as errors. (Previously: WarningLevel.Warning).
  [Upgrade]     PCHUsage = PCHUsageMode.UseExplicitOrSharedPCHs   => Set in build.cs files to enables IWYU-style PCH model. See https://docs.unrealengine.com/en-US/Programming/BuildTools/UnrealBuildTool/IWYU/index.html. (Previously: PCHUsageMode.UseSharedPCHs).
  [Upgrade] Suppress this message by setting 'DefaultBuildSettings = BuildSettingsVersion.V2;' in TopDownShmupEditor.Target.cs, and explicitly overriding settings that differ from the new defaults.
  [Upgrade]
  [Adaptive Build] Excluded from TopDownShmup unity file: AIDwarfController.cpp, AssaultWeapon.cpp, DwarfCharacter.cpp, TopDownShmupPlayerController.cpp, Weapon.cpp
  Determining max actions to execute in parallel (14 physical cores, 20 logical cores)
    Executing up to 14 processes, one per physical core
    Requested 1.5 GB free memory per action, 1.57 GB available: limiting max parallel actions to 1
  Building 4 actions with 1 process...
  [1/4] Compile AIDwarfController.cpp
C:\Users\itsca\Documents\Unreal Projects\Lab04\TopDownShmup\Source\TopDownShmup\AIDwarfController.cpp(49): warning C4458: declaration of 'Pawn' hides class member
  C:\Program Files\Epic Games\UE_5.0\Engine\Source\Runtime\Engine\Classes\GameFramework\Controller.h(71): note: see declaration of 'AController::Pawn'
C:\Users\itsca\Documents\Unreal Projects\Lab04\TopDownShmup\Source\TopDownShmup\AIDwarfController.cpp(60): warning C4996: 'AAIController::OnMoveCompleted': This function is now deprecated, please use version with EPathFollowingResultDetails parameter. Please update your code to the new API before upgrading to the next release, otherwise your project will no longer compile.
  [2/4] Link UnrealEditor-TopDownShmup.lib
     Creating library C:\Users\itsca\Documents\Unreal Projects\Lab04\TopDownShmup\Intermediate\Build\Win64\UnrealEditor\Development\TopDownShmup\UnrealEditor-TopDownShmup.lib and object C:\Users\itsca\Documents\Unreal Projects\Lab04\TopDownShmup\Intermediate\Build\Win64\UnrealEditor\Development\TopDownShmup\UnrealEditor-TopDownShmup.exp
  [3/4] Link UnrealEditor-TopDownShmup.dll
     Creating library C:\Users\itsca\Documents\Unreal Projects\Lab04\TopDownShmup\Intermediate\Build\Win64\UnrealEditor\Development\TopDownShmup\UnrealEditor-TopDownShmup.suppressed.lib and object C:\Users\itsca\Documents\Unreal Projects\Lab04\TopDownShmup\Intermediate\Build\Win64\UnrealEditor\Development\TopDownShmup\UnrealEditor-TopDownShmup.suppressed.exp
  [4/4] WriteMetadata TopDownShmupEditor.target
  Total time in Parallel executor: 18.32 seconds
  Total execution time: 18.81 seconds
